2026-02-24T17:21:00.829734+0000 | INFO | web.app:create_app:62 - Initial admin created: admin
2026-02-24T17:21:00.830457+0000 | INFO | web.app:create_app:64 - Flask application created successfully
2026-02-24T17:21:02.430247+0000 | INFO | web.app:create_app:64 - Flask application created successfully
2026-02-24T17:21:02.431234+0000 | INFO | web.app:create_app:64 - Flask application created successfully
2026-02-24T17:21:02.449807+0000 | INFO | web.app:create_app:64 - Flask application created successfully
2026-02-24T17:21:02.523417+0000 | INFO | web.app:create_app:64 - Flask application created successfully
2026-02-24T17:25:35.292206+0000 | INFO | web.app:create_app:64 - Flask application created successfully
2026-02-24T17:25:35.292286+0000 | INFO | web.app:create_app:64 - Flask application created successfully
2026-02-24T17:25:35.303624+0000 | INFO | web.app:create_app:64 - Flask application created successfully
2026-02-24T17:25:35.305813+0000 | INFO | web.app:create_app:64 - Flask application created successfully
2026-02-24T17:27:30.703455+0000 | INFO | web.app:create_app:64 - Flask application created successfully
2026-02-24T17:27:30.778027+0000 | INFO | web.app:create_app:64 - Flask application created successfully
2026-02-24T17:27:30.860418+0000 | INFO | web.app:create_app:64 - Flask application created successfully
2026-02-24T17:27:31.037440+0000 | INFO | web.app:create_app:64 - Flask application created successfully
2026-02-24T17:53:42.317904+0000 | INFO | web.app:create_app:64 - Flask application created successfully
2026-02-24T17:53:42.318121+0000 | INFO | web.app:create_app:64 - Flask application created successfully
2026-02-24T17:53:42.346165+0000 | INFO | web.app:create_app:64 - Flask application created successfully
2026-02-24T17:53:42.427963+0000 | INFO | web.app:create_app:64 - Flask application created successfully
2026-02-24T17:58:08.290100+0000 | INFO | web.app:create_app:64 - Flask application created successfully
2026-02-24T17:58:08.291530+0000 | INFO | web.app:create_app:64 - Flask application created successfully
2026-02-24T17:58:08.292627+0000 | INFO | web.app:create_app:64 - Flask application created successfully
2026-02-24T17:58:08.474569+0000 | INFO | web.app:create_app:64 - Flask application created successfully
2026-02-24T18:03:56.615139+0000 | INFO | web.app:create_app:64 - Flask application created successfully
2026-02-24T18:03:56.649750+0000 | INFO | web.app:create_app:64 - Flask application created successfully
2026-02-24T18:03:56.796186+0000 | INFO | web.app:create_app:64 - Flask application created successfully
2026-02-24T18:03:56.817706+0000 | INFO | web.app:create_app:64 - Flask application created successfully
2026-02-24T18:12:47.546471+0000 | INFO | web.app:create_app:64 - Flask application created successfully
2026-02-24T18:12:47.582197+0000 | INFO | web.app:create_app:64 - Flask application created successfully
2026-02-24T18:18:57.337423+0000 | INFO | web.app:create_app:64 - Flask application created successfully
2026-02-24T18:18:57.372523+0000 | INFO | web.app:create_app:64 - Flask application created successfully
2026-02-24T18:18:57.384123+0000 | INFO | web.app:create_app:64 - Flask application created successfully
2026-02-24T18:18:57.431011+0000 | INFO | web.app:create_app:64 - Flask application created successfully
2026-02-24T18:19:27.833184+0000 | INFO | web.app:create_app:64 - Flask application created successfully
2026-02-24T18:19:27.867449+0000 | INFO | web.app:create_app:64 - Flask application created successfully
2026-02-24T20:28:18.695459+0000 | INFO | web.app:create_app:64 - Flask application created successfully
2026-02-24T20:28:18.731860+0000 | INFO | web.app:create_app:64 - Flask application created successfully
2026-02-24T20:30:18.768266+0000 | INFO | web.app:create_app:63 - Flask application created successfully
2026-02-24T20:30:18.768011+0000 | INFO | web.app:create_app:63 - Flask application created successfully
2026-02-24T20:30:18.772327+0000 | INFO | web.app:create_app:63 - Flask application created successfully
2026-02-24T20:30:18.788584+0000 | INFO | web.app:create_app:63 - Flask application created successfully
2026-02-24T20:30:35.544331+0000 | INFO | web.app:create_app:63 - Flask application created successfully
2026-02-24T20:30:35.581092+0000 | INFO | web.app:create_app:63 - Flask application created successfully
2026-02-24T20:34:50.038046+0000 | INFO | web.app:create_app:63 - Flask application created successfully
2026-02-24T20:34:50.085929+0000 | INFO | web.app:create_app:63 - Flask application created successfully
2026-02-24T20:34:50.158047+0000 | INFO | web.app:create_app:63 - Flask application created successfully
2026-02-24T20:34:50.309425+0000 | INFO | web.app:create_app:63 - Flask application created successfully
2026-02-24T20:35:15.986851+0000 | INFO | web.app:create_app:63 - Flask application created successfully
2026-02-24T20:35:15.992236+0000 | INFO | web.app:create_app:63 - Flask application created successfully
2026-02-24T20:35:15.994854+0000 | INFO | web.app:create_app:63 - Flask application created successfully
2026-02-24T20:35:16.019260+0000 | INFO | web.app:create_app:63 - Flask application created successfully
2026-02-24T20:40:43.620395+0000 | INFO | web.app:create_app:63 - Flask application created successfully
2026-02-24T20:40:43.622691+0000 | INFO | web.app:create_app:63 - Flask application created successfully
2026-02-24T20:40:43.623557+0000 | INFO | web.app:create_app:63 - Flask application created successfully
2026-02-24T20:40:43.788893+0000 | INFO | web.app:create_app:63 - Flask application created successfully
2026-02-24T20:54:42.951559+0000 | INFO | web.app:create_app:63 - Flask application created successfully
2026-02-24T20:54:42.966426+0000 | INFO | web.app:create_app:63 - Flask application created successfully
2026-02-24T20:54:42.998389+0000 | INFO | web.app:create_app:63 - Flask application created successfully
2026-02-24T20:54:43.100987+0000 | INFO | web.app:create_app:63 - Flask application created successfully
2026-02-24T20:59:15.590644+0000 | INFO | services.proxy.manager:_refresh_cache:45 - Proxy cache refreshed: 0 working proxies
2026-02-25T01:55:26.938984+0000 | INFO | web.app:create_app:63 - Flask application created successfully
2026-02-25T01:55:26.953075+0000 | INFO | web.app:create_app:63 - Flask application created successfully
2026-02-25T01:55:26.978109+0000 | INFO | web.app:create_app:63 - Flask application created successfully
2026-02-25T01:55:27.032738+0000 | INFO | web.app:create_app:63 - Flask application created successfully
2026-02-25T01:56:50.284972+0000 | INFO | web.app:create_app:63 - Flask application created successfully
2026-02-25T01:56:50.309465+0000 | INFO | web.app:create_app:63 - Flask application created successfully
2026-02-25T01:56:50.321111+0000 | INFO | web.app:create_app:63 - Flask application created successfully
2026-02-25T01:56:50.397770+0000 | INFO | web.app:create_app:63 - Flask application created successfully
2026-02-25T02:03:13.873255+0000 | INFO | web.app:create_app:63 - Flask application created successfully
2026-02-25T02:03:13.873672+0000 | INFO | web.app:create_app:63 - Flask application created successfully
2026-02-25T02:03:13.873613+0000 | INFO | web.app:create_app:63 - Flask application created successfully
2026-02-25T02:03:13.884447+0000 | INFO | web.app:create_app:63 - Flask application created successfully
2026-02-26T15:16:58.081688+0000 | INFO | web.app:create_app:63 - Flask application created successfully
2026-02-26T15:16:58.081701+0000 | INFO | web.app:create_app:63 - Flask application created successfully
2026-02-26T15:16:58.083768+0000 | INFO | web.app:create_app:63 - Flask application created successfully
2026-02-26T15:16:58.111398+0000 | INFO | web.app:create_app:63 - Flask application created successfully
2026-02-26T19:10:11.616868+0000 | INFO | web.app:create_app:63 - Flask application created successfully
2026-02-26T19:10:11.624106+0000 | INFO | web.app:create_app:63 - Flask application created successfully
2026-02-26T19:10:11.694494+0000 | INFO | web.app:create_app:63 - Flask application created successfully
2026-02-26T19:10:11.736877+0000 | INFO | web.app:create_app:63 - Flask application created successfully
2026-02-26T19:26:33.052043+0000 | INFO | web.app:create_app:63 - Flask application created successfully
2026-02-26T19:26:33.052821+0000 | INFO | web.app:create_app:63 - Flask application created successfully
2026-02-26T19:26:33.264040+0000 | INFO | web.app:create_app:63 - Flask application created successfully
2026-02-26T19:26:33.433238+0000 | INFO | web.app:create_app:63 - Flask application created successfully
2026-02-26T20:47:21.820644+0000 | INFO | web.app:create_app:63 - Flask application created successfully
2026-02-26T20:47:21.827170+0000 | INFO | web.app:create_app:63 - Flask application created successfully
2026-02-26T20:47:21.991518+0000 | INFO | web.app:create_app:63 - Flask application created successfully
2026-02-26T20:47:22.239188+0000 | INFO | web.app:create_app:63 - Flask application created successfully
2026-02-26T21:01:51.485745+0000 | INFO | web.app:create_app:63 - Flask application created successfully
2026-02-26T21:01:51.584787+0000 | INFO | web.app:create_app:63 - Flask application created successfully
2026-02-26T21:01:51.685200+0000 | INFO | web.app:create_app:63 - Flask application created successfully
2026-02-26T21:01:51.693924+0000 | INFO | web.app:create_app:63 - Flask application created successfully
2026-02-27T03:31:22.108860+0000 | INFO | web.app:create_app:67 - Flask application created successfully
2026-02-27T03:31:22.124887+0000 | INFO | web.app:create_app:67 - Flask application created successfully
2026-02-27T03:31:22.135271+0000 | INFO | web.app:create_app:67 - Flask application created successfully
2026-02-27T03:31:22.146103+0000 | INFO | web.app:create_app:67 - Flask application created successfully
2026-02-27T03:31:22.147811+0000 | ERROR | web.routes.public:api_send_code:35 - api_send_code error for phone=380991234567: network error
2026-02-27T03:31:22.156918+0000 | INFO | web.app:create_app:67 - Flask application created successfully
2026-02-27T03:31:22.167809+0000 | INFO | web.app:create_app:67 - Flask application created successfully
2026-02-27T03:31:22.182887+0000 | INFO | web.app:create_app:67 - Flask application created successfully
2026-02-27T03:31:22.192965+0000 | INFO | web.app:create_app:67 - Flask application created successfully
2026-02-27T03:31:22.225230+0000 | INFO | web.app:create_app:67 - Flask application created successfully
2026-02-27T03:31:22.830682+0000 | INFO | web.app:create_app:67 - Flask application created successfully
2026-02-27T03:31:23.365122+0000 | INFO | web.app:create_app:67 - Flask application created successfully
2026-02-27T03:32:03.901955+0000 | INFO | web.app:create_app:67 - Flask application created successfully
2026-02-27T03:32:03.915982+0000 | INFO | web.app:create_app:67 - Flask application created successfully
2026-02-27T03:32:03.927480+0000 | INFO | web.app:create_app:67 - Flask application created successfully
2026-02-27T03:32:03.938010+0000 | INFO | web.app:create_app:67 - Flask application created successfully
2026-02-27T03:32:03.939611+0000 | ERROR | web.routes.public:api_send_code:35 - api_send_code error for phone=380991234567: network error
2026-02-27T03:32:03.949626+0000 | INFO | web.app:create_app:67 - Flask application created successfully
2026-02-27T03:32:03.959778+0000 | INFO | web.app:create_app:67 - Flask application created successfully
2026-02-27T03:32:03.970191+0000 | INFO | web.app:create_app:67 - Flask application created successfully
2026-02-27T03:32:03.980874+0000 | INFO | web.app:create_app:67 - Flask application created successfully
2026-02-27T03:32:03.996171+0000 | INFO | web.app:create_app:67 - Flask application created successfully
2026-02-27T03:32:04.601063+0000 | INFO | web.app:create_app:67 - Flask application created successfully
2026-02-27T03:32:05.142477+0000 | INFO | web.app:create_app:67 - Flask application created successfully
2026-02-27T03:32:34.019830+0000 | INFO | web.app:create_app:67 - Flask application created successfully
2026-02-27T03:32:34.033998+0000 | INFO | web.app:create_app:67 - Flask application created successfully
2026-02-27T03:32:34.044998+0000 | INFO | web.app:create_app:67 - Flask application created successfully
2026-02-27T03:32:34.055702+0000 | INFO | web.app:create_app:67 - Flask application created successfully
2026-02-27T03:32:34.057269+0000 | ERROR | web.routes.public:api_send_code:35 - api_send_code error for phone=380991234567: network error
2026-02-27T03:32:34.067336+0000 | INFO | web.app:create_app:67 - Flask application created successfully
2026-02-27T03:32:34.077685+0000 | INFO | web.app:create_app:67 - Flask application created successfully
2026-02-27T03:32:34.087968+0000 | INFO | web.app:create_app:67 - Flask application created successfully
2026-02-27T03:32:34.098490+0000 | INFO | web.app:create_app:67 - Flask application created successfully
2026-02-27T03:32:34.113841+0000 | INFO | web.app:create_app:67 - Flask application created successfully
2026-02-27T03:32:34.720049+0000 | INFO | web.app:create_app:67 - Flask application created successfully
2026-02-27T03:32:35.256681+0000 | INFO | web.app:create_app:67 - Flask application created successfully
2026-02-27T03:33:04.261731+0000 | INFO | web.app:create_app:67 - Flask application created successfully
2026-02-27T03:33:04.276321+0000 | INFO | web.app:create_app:67 - Flask application created successfully
2026-02-27T03:33:04.288090+0000 | INFO | web.app:create_app:67 - Flask application created successfully
2026-02-27T03:33:04.298957+0000 | INFO | web.app:create_app:67 - Flask application created successfully
2026-02-27T03:33:04.300693+0000 | ERROR | web.routes.public:api_send_code:35 - api_send_code error for phone=380991234567: network error
2026-02-27T03:33:04.317031+0000 | INFO | web.app:create_app:67 - Flask application created successfully
2026-02-27T03:33:04.327379+0000 | INFO | web.app:create_app:67 - Flask application created successfully
2026-02-27T03:33:04.338004+0000 | INFO | web.app:create_app:67 - Flask application created successfully
2026-02-27T03:33:04.353941+0000 | INFO | web.app:create_app:67 - Flask application created successfully
2026-02-27T03:33:04.369626+0000 | INFO | web.app:create_app:67 - Flask application created successfully
2026-02-27T03:33:04.980025+0000 | INFO | web.app:create_app:67 - Flask application created successfully
2026-02-27T03:33:05.521797+0000 | INFO | web.app:create_app:67 - Flask application created successfully
2026-02-27T03:33:23.087876+0000 | INFO | web.app:create_app:67 - Flask application created successfully
2026-02-27T03:33:51.619660+0000 | INFO | web.app:create_app:67 - Flask application created successfully
2026-02-27T03:33:51.660410+0000 | INFO | web.app:create_app:67 - Flask application created successfully
2026-02-27T03:33:51.697997+0000 | INFO | web.app:create_app:67 - Flask application created successfully
2026-02-27T03:33:51.732899+0000 | INFO | web.app:create_app:67 - Flask application created successfully
2026-02-27T03:33:51.751241+0000 | ERROR | web.routes.public:api_send_code:35 - api_send_code error for phone=380991234567: network error
2026-02-27T03:33:51.767832+0000 | INFO | web.app:create_app:67 - Flask application created successfully
2026-02-27T03:33:51.811546+0000 | INFO | web.app:create_app:67 - Flask application created successfully
2026-02-27T03:33:51.846909+0000 | INFO | web.app:create_app:67 - Flask application created successfully
2026-02-27T03:33:51.883264+0000 | INFO | web.app:create_app:67 - Flask application created successfully
2026-02-27T03:33:51.924833+0000 | INFO | web.app:create_app:67 - Flask application created successfully
2026-02-27T03:33:52.453408+0000 | INFO | web.app:create_app:67 - Flask application created successfully
2026-02-27T03:33:52.965864+0000 | INFO | web.app:create_app:67 - Flask application created successfully
2026-02-27T03:33:53.459627+0000 | ERROR | web.routes.admin:login:92 - Login error: can't compare offset-naive and offset-aware datetimes
2026-02-27T03:34:02.202698+0000 | INFO | web.app:create_app:67 - Flask application created successfully
2026-02-27T03:34:02.244910+0000 | INFO | web.app:create_app:67 - Flask application created successfully
2026-02-27T03:34:02.280422+0000 | INFO | web.app:create_app:67 - Flask application created successfully
2026-02-27T03:34:02.319302+0000 | INFO | web.app:create_app:67 - Flask application created successfully
2026-02-27T03:34:02.339156+0000 | ERROR | web.routes.public:api_send_code:35 - api_send_code error for phone=380991234567: network error
2026-02-27T03:34:02.356733+0000 | INFO | web.app:create_app:67 - Flask application created successfully
2026-02-27T03:34:02.392868+0000 | INFO | web.app:create_app:67 - Flask application created successfully
2026-02-27T03:34:02.435682+0000 | INFO | web.app:create_app:67 - Flask application created successfully
2026-02-27T03:34:02.470712+0000 | INFO | web.app:create_app:67 - Flask application created successfully
2026-02-27T03:34:02.510088+0000 | INFO | web.app:create_app:67 - Flask application created successfully
2026-02-27T03:34:03.040351+0000 | INFO | web.app:create_app:67 - Flask application created successfully
2026-02-27T03:34:03.556002+0000 | INFO | web.app:create_app:67 - Flask application created successfully
2026-02-27T03:34:04.050362+0000 | ERROR | web.routes.admin:login:92 - Login error: can't compare offset-naive and offset-aware datetimes
2026-02-27T03:35:44.864320+0000 | INFO | web.app:create_app:67 - Flask application created successfully
2026-02-27T03:35:44.906431+0000 | INFO | web.app:create_app:67 - Flask application created successfully
2026-02-27T03:35:44.943944+0000 | INFO | web.app:create_app:67 - Flask application created successfully
2026-02-27T03:35:44.979395+0000 | INFO | web.app:create_app:67 - Flask application created successfully
2026-02-27T03:35:44.997914+0000 | ERROR | web.routes.public:api_send_code:35 - api_send_code error for phone=380991234567: network error
2026-02-27T03:35:45.014177+0000 | INFO | web.app:create_app:67 - Flask application created successfully
2026-02-27T03:35:45.048217+0000 | INFO | web.app:create_app:67 - Flask application created successfully
2026-02-27T03:35:45.085421+0000 | INFO | web.app:create_app:67 - Flask application created successfully
2026-02-27T03:35:45.120741+0000 | INFO | web.app:create_app:67 - Flask application created successfully
2026-02-27T03:35:45.158862+0000 | INFO | web.app:create_app:67 - Flask application created successfully
2026-02-27T03:35:45.685027+0000 | INFO | web.app:create_app:67 - Flask application created successfully
2026-02-27T03:35:46.199901+0000 | INFO | web.app:create_app:67 - Flask application created successfully
2026-02-27T03:35:46.693652+0000 | ERROR | web.routes.admin:login:92 - Login error: can't compare offset-naive and offset-aware datetimes
